
 Entering Test Suite: imuldiv-IntDivIterative
  + Running Test Case: div/rem
     [ passed ] Test ( vc-TestSink ) succeeded, [ 0000000000000000 == 0000000000000000 ]
     [ passed ] Test ( vc-TestSink ) succeeded, [ 0000000000000001 == 0000000000000001 ]
     [ passed ] Test ( vc-TestSink ) succeeded, [ 0000000000000000 == 0000000000000000 ]
     [ passed ] Test ( vc-TestSink ) succeeded, [ 0000000000000001 == 0000000000000001 ]
     [ passed ] Test ( vc-TestSink ) succeeded, [ 000000000000000d == 000000000000000d ]
     [ passed ] Test ( vc-TestSink ) succeeded, [ 00000000ffffdf76 == 00000000ffffdf76 ]
     [ passed ] Test ( vc-TestSink ) succeeded, [ 0000003200000000 == 0000003200000000 ]
     [ passed ] Test ( vc-TestSink ) succeeded, [ 0000002e0000000a == 0000002e0000000a ]
     [ passed ] Test ( vc-TestSink ) succeeded, [ 00003372ffffdf75 == 00003372ffffdf75 ]
     [ passed ] Test ( vc-TestSink ) succeeded, [ ffffda72ffffd353 == ffffda72ffffd353 ]
     [ passed ] Test ( vc-TestSink ) succeeded, [ ffffcc8effffdf75 == ffffcc8effffdf75 ]
     [ passed ] Test ( vc-TestSink ) succeeded, [ ffffcc8e0000208b == ffffcc8e0000208b ]
     [ passed ] Test ( Is sink finished? ) succeeded 
  + Running Test Case: divu/remu
     [ passed ] Test ( vc-TestSink ) succeeded, [ 0000000000000000 == 0000000000000000 ]
     [ passed ] Test ( vc-TestSink ) succeeded, [ 0000000000000001 == 0000000000000001 ]
     [ passed ] Test ( vc-TestSink ) succeeded, [ 0000000000000000 == 0000000000000000 ]
     [ passed ] Test ( vc-TestSink ) succeeded, [ 0000000000000001 == 0000000000000001 ]
     [ passed ] Test ( vc-TestSink ) succeeded, [ 000000000000000d == 000000000000000d ]
     [ passed ] Test ( vc-TestSink ) succeeded, [ 000000000000208a == 000000000000208a ]
     [ passed ] Test ( vc-TestSink ) succeeded, [ 0000003200000000 == 0000003200000000 ]
     [ passed ] Test ( vc-TestSink ) succeeded, [ 0000002e0000000a == 0000002e0000000a ]
     [ passed ] Test ( vc-TestSink ) succeeded, [ 0a01b04400000000 == 0a01b04400000000 ]
     [ passed ] Test ( vc-TestSink ) succeeded, [ 0000227f00012a90 == 0000227f00012a90 ]
     [ passed ] Test ( vc-TestSink ) succeeded, [ 000006f000032012 == 000006f000032012 ]
     [ passed ] Test ( vc-TestSink ) succeeded, [ f5fe4fbc00000000 == f5fe4fbc00000000 ]
     [ passed ] Test ( Is sink finished? ) succeeded 

../imuldiv/imuldiv-IntDivIterative.t.v:156: $finish called at 20185 (1s)
